<?xml version="1.0" encoding="UTF-8"?>
<!-- Generated by org.testng.reporters.JUnitReportReporter -->
<testsuite hostname="DESKTOP-TCIBJ34" failures="0" tests="1" name="testCases.TC002_LoginTest" time="1.843" errors="0" timestamp="2025-07-21T18:20:48 IST" skipped="0">
  <testcase classname="testCases.TC002_LoginTest" name="TS002_TC_LF_001" time="1.843"/>
</testsuite> <!-- testCases.TC002_LoginTest -->
