<?xml version="1.0" encoding="UTF-8"?>
<!-- Generated by org.testng.reporters.JUnitReportReporter -->
<testsuite hostname="DESKTOP-TCIBJ34" failures="0" tests="1" name="testCases.TC001_AccountRegistrationTest" time="2.588" errors="0" timestamp="2025-07-21T18:21:40 IST" skipped="0">
  <testcase classname="testCases.TC001_AccountRegistrationTest" name="TS001_TC_RF_001" time="2.588"/>
</testsuite> <!-- testCases.TC001_AccountRegistrationTest -->
