<?xml version="1.0" encoding="UTF-8"?>
<!-- Generated by org.testng.reporters.JUnitReportReporter -->
<testsuite hostname="DESKTOP-TCIBJ34" failures="0" tests="1" name="testCases.TC002_LoginTest" time="2.203" errors="0" timestamp="2025-07-21T19:00:57 IST" skipped="0">
  <testcase classname="testCases.TC002_LoginTest" name="TS002_TC_LF_001" time="2.203"/>
</testsuite> <!-- testCases.TC002_LoginTest -->
